2025-06-19 00:00:48.823 [info] [main] Log level: Info
2025-06-19 00:00:48.823 [info] [main] Validating found git in: "git"
2025-06-19 00:00:48.823 [info] [main] Using git "2.50.0" from "git"
2025-06-19 00:00:48.823 [info] [Model][doInitialScan] Initial repository scan started
2025-06-19 00:00:48.823 [info] [Model][doInitialScan] Initial repository scan completed - repositories (0), closed repositories (0), parent repositories (0), unsafe repositories (0)
2025-06-19 00:01:01.823 [info] [main] Log level: Info
2025-06-19 00:01:01.823 [info] [main] Validating found git in: "git"
2025-06-19 00:01:01.823 [info] [main] Using git "2.50.0" from "git"
2025-06-19 00:01:01.823 [info] [Model][doInitialScan] Initial repository scan started
2025-06-19 00:01:01.823 [info] > git rev-parse --show-toplevel [65ms]
2025-06-19 00:01:01.823 [info] fatal: not a git repository (or any parent up to mount point /)
Stopping at filesystem boundary (GIT_DISCOVERY_ACROSS_FILESYSTEM not set).
2025-06-19 00:01:01.978 [info] > git rev-parse --show-toplevel [136ms]
2025-06-19 00:01:01.978 [info] fatal: not a git repository (or any parent up to mount point /)
Stopping at filesystem boundary (GIT_DISCOVERY_ACROSS_FILESYSTEM not set).
2025-06-19 00:01:01.979 [info] [Model][doInitialScan] Initial repository scan completed - repositories (0), closed repositories (0), parent repositories (0), unsafe repositories (0)
2025-06-19 00:01:02.044 [info] > git rev-parse --show-toplevel [16ms]
2025-06-19 00:01:02.044 [info] fatal: not a git repository (or any parent up to mount point /)
Stopping at filesystem boundary (GIT_DISCOVERY_ACROSS_FILESYSTEM not set).
2025-06-19 00:01:02.063 [info] > git rev-parse --show-toplevel [4ms]
2025-06-19 00:01:02.063 [info] fatal: not a git repository (or any parent up to mount point /)
Stopping at filesystem boundary (GIT_DISCOVERY_ACROSS_FILESYSTEM not set).
2025-06-19 00:01:02.472 [info] > git rev-parse --show-toplevel [17ms]
2025-06-19 00:01:02.472 [info] fatal: not a git repository (or any parent up to mount point /)
Stopping at filesystem boundary (GIT_DISCOVERY_ACROSS_FILESYSTEM not set).
2025-06-19 00:01:02.572 [info] > git rev-parse --show-toplevel [1ms]
2025-06-19 00:01:02.572 [info] fatal: not a git repository (or any parent up to mount point /)
Stopping at filesystem boundary (GIT_DISCOVERY_ACROSS_FILESYSTEM not set).
2025-06-19 00:46:01.830 [info] > git rev-parse --show-toplevel [1ms]
2025-06-19 00:46:01.830 [info] fatal: not a git repository (or any parent up to mount point /)
Stopping at filesystem boundary (GIT_DISCOVERY_ACROSS_FILESYSTEM not set).
2025-06-19 00:46:11.071 [info] > git rev-parse --show-toplevel [4ms]
2025-06-19 00:46:11.071 [info] fatal: not a git repository (or any parent up to mount point /)
Stopping at filesystem boundary (GIT_DISCOVERY_ACROSS_FILESYSTEM not set).
