2025-06-18 23:33:28.110 [info] [main] Log level: Info
2025-06-18 23:33:28.110 [info] [main] Validating found git in: "git"
2025-06-18 23:33:28.110 [info] [main] Using git "2.50.0" from "git"
2025-06-18 23:33:28.110 [info] [Model][doInitialScan] Initial repository scan started
2025-06-18 23:33:28.110 [info] > git rev-parse --show-toplevel [44ms]
2025-06-18 23:33:28.110 [info] fatal: not a git repository (or any parent up to mount point /)
Stopping at filesystem boundary (GIT_DISCOVERY_ACROSS_FILESYSTEM not set).
2025-06-18 23:33:28.110 [info] [Model][doInitialScan] Initial repository scan completed - repositories (0), closed repositories (0), parent repositories (0), unsafe repositories (0)
2025-06-18 23:35:51.446 [info] [main] Log level: Info
2025-06-18 23:35:51.446 [info] [main] Validating found git in: "git"
2025-06-18 23:35:51.446 [info] [main] Using git "2.50.0" from "git"
2025-06-18 23:35:51.446 [info] [Model][doInitialScan] Initial repository scan started
2025-06-18 23:35:51.446 [info] > git rev-parse --show-toplevel [28ms]
2025-06-18 23:35:51.446 [info] fatal: not a git repository (or any parent up to mount point /)
Stopping at filesystem boundary (GIT_DISCOVERY_ACROSS_FILESYSTEM not set).
2025-06-18 23:35:51.466 [info] > git rev-parse --show-toplevel [7ms]
2025-06-18 23:35:51.466 [info] fatal: not a git repository (or any parent up to mount point /)
Stopping at filesystem boundary (GIT_DISCOVERY_ACROSS_FILESYSTEM not set).
2025-06-18 23:35:51.467 [info] [Model][doInitialScan] Initial repository scan completed - repositories (0), closed repositories (0), parent repositories (0), unsafe repositories (0)
2025-06-18 23:36:15.650 [info] > git rev-parse --show-toplevel [2ms]
2025-06-18 23:36:15.650 [info] fatal: not a git repository (or any parent up to mount point /)
Stopping at filesystem boundary (GIT_DISCOVERY_ACROSS_FILESYSTEM not set).
2025-06-18 23:54:51.198 [info] > git rev-parse --show-toplevel [2ms]
2025-06-18 23:54:51.198 [info] fatal: not a git repository (or any parent up to mount point /)
Stopping at filesystem boundary (GIT_DISCOVERY_ACROSS_FILESYSTEM not set).
2025-06-18 23:59:54.752 [info] > git rev-parse --show-toplevel [2ms]
2025-06-18 23:59:54.752 [info] fatal: not a git repository (or any parent up to mount point /)
Stopping at filesystem boundary (GIT_DISCOVERY_ACROSS_FILESYSTEM not set).
2025-06-19 00:00:17.464 [info] > git rev-parse --show-toplevel [3ms]
2025-06-19 00:00:17.464 [info] fatal: not a git repository (or any parent up to mount point /)
Stopping at filesystem boundary (GIT_DISCOVERY_ACROSS_FILESYSTEM not set).
2025-06-19 00:04:22.243 [info] > git rev-parse --show-toplevel [3ms]
2025-06-19 00:04:22.243 [info] fatal: not a git repository (or any parent up to mount point /)
Stopping at filesystem boundary (GIT_DISCOVERY_ACROSS_FILESYSTEM not set).
2025-06-19 00:04:30.704 [info] > git rev-parse --show-toplevel [5ms]
2025-06-19 00:04:30.704 [info] fatal: not a git repository (or any parent up to mount point /)
Stopping at filesystem boundary (GIT_DISCOVERY_ACROSS_FILESYSTEM not set).
2025-06-19 00:20:19.943 [info] > git rev-parse --show-toplevel [3ms]
2025-06-19 00:20:19.943 [info] fatal: not a git repository (or any parent up to mount point /)
Stopping at filesystem boundary (GIT_DISCOVERY_ACROSS_FILESYSTEM not set).
2025-06-19 00:20:22.172 [info] > git rev-parse --show-toplevel [6ms]
2025-06-19 00:20:22.172 [info] fatal: not a git repository (or any parent up to mount point /)
Stopping at filesystem boundary (GIT_DISCOVERY_ACROSS_FILESYSTEM not set).
2025-06-19 00:41:09.379 [info] > git rev-parse --show-toplevel [2ms]
2025-06-19 00:41:09.379 [info] fatal: not a git repository (or any parent up to mount point /)
Stopping at filesystem boundary (GIT_DISCOVERY_ACROSS_FILESYSTEM not set).
2025-06-19 00:42:04.964 [info] > git rev-parse --show-toplevel [3ms]
2025-06-19 00:42:04.964 [info] fatal: not a git repository (or any parent up to mount point /)
Stopping at filesystem boundary (GIT_DISCOVERY_ACROSS_FILESYSTEM not set).
2025-06-19 00:42:34.265 [info] > git rev-parse --show-toplevel [2ms]
2025-06-19 00:42:34.265 [info] fatal: not a git repository (or any parent up to mount point /)
Stopping at filesystem boundary (GIT_DISCOVERY_ACROSS_FILESYSTEM not set).
2025-06-19 00:44:52.641 [info] > git rev-parse --show-toplevel [3ms]
2025-06-19 00:44:52.641 [info] fatal: not a git repository (or any parent up to mount point /)
Stopping at filesystem boundary (GIT_DISCOVERY_ACROSS_FILESYSTEM not set).
