2025-06-19 00:00:48.439 [info] Extension host with pid 22570 started
2025-06-19 00:00:48.487 [info] ExtensionService#_doActivateExtension vscode.git-base, startup: true, activationEvent: '*', root cause: vscode.git
2025-06-19 00:00:48.515 [info] ExtensionService#_doActivateExtension vscode.git, startup: true, activationEvent: '*'
2025-06-19 00:00:48.630 [info] ExtensionService#_doActivateExtension vscode.github, startup: true, activationEvent: '*'
2025-06-19 00:00:48.835 [info] Eager extensions activated
2025-06-19 00:00:48.926 [info] ExtensionService#_doActivateExtension vscode.debug-auto-launch, startup: false, activationEvent: 'onStartupFinished'
2025-06-19 00:00:48.934 [info] ExtensionService#_doActivateExtension vscode.merge-conflict, startup: false, activationEvent: 'onStartupFinished'
2025-06-19 00:00:58.220 [info] Extension host terminating: renderer closed the MessagePort
2025-06-19 00:00:58.238 [info] Extension host with pid 22570 exiting with code 0
2025-06-19 00:01:00.740 [info] Extension host with pid 22607 started
2025-06-19 00:01:00.740 [info] Skipping acquiring lock for /home/kris/.config/Code - OSS/User/workspaceStorage/f6a4b7afb52579bf77f4dc222b2e9685.
2025-06-19 00:01:00.883 [info] ExtensionService#_doActivateExtension vscode.emmet, startup: false, activationEvent: 'onLanguage'
2025-06-19 00:01:01.063 [info] ExtensionService#_doActivateExtension vscode.git-base, startup: true, activationEvent: '*', root cause: vscode.git
2025-06-19 00:01:01.196 [info] ExtensionService#_doActivateExtension vscode.css-language-features, startup: false, activationEvent: 'onLanguage:css'
2025-06-19 00:01:01.308 [info] ExtensionService#_doActivateExtension vscode.git, startup: true, activationEvent: '*'
2025-06-19 00:01:01.429 [info] ExtensionService#_doActivateExtension vscode.github, startup: true, activationEvent: '*'
2025-06-19 00:01:01.755 [info] Eager extensions activated
2025-06-19 00:01:01.861 [info] ExtensionService#_doActivateExtension vscode.debug-auto-launch, startup: false, activationEvent: 'onStartupFinished'
2025-06-19 00:01:01.877 [info] ExtensionService#_doActivateExtension vscode.merge-conflict, startup: false, activationEvent: 'onStartupFinished'
2025-06-19 00:46:01.911 [info] ExtensionService#_doActivateExtension vscode.html-language-features, startup: false, activationEvent: 'onLanguage:html'
